==6829== Memcheck, a memory error detector
==6829== Copyright (C) 2002-2013, and GNU GPL'd, by Julian Seward et al.
==6829== Using Valgrind-3.10.1 and LibVEX; rerun with -h for copyright info
==6829== Command: ./a.out
==6829== Parent PID: 3839
==6829== 
--6829-- 
--6829-- Valgrind options:
--6829--    --leak-check=full
--6829--    --log-file=logfile.out
--6829--    -v
--6829-- Contents of /proc/version:
--6829--   Linux version 4.4.0-64-generic (buildd@lcy01-20) (gcc version 4.8.4 (Ubuntu 4.8.4-2ubuntu1~14.04.3) ) #85~14.04.1-Ubuntu SMP Mon Feb 20 12:11:38 UTC 2017
--6829-- Arch and hwcaps: X86, LittleEndian, x86-mmxext-sse1-sse2-lzcnt
--6829-- Page sizes: currently 4096, max supported 4096
--6829-- Valgrind library directory: /usr/lib/valgrind
--6829-- Reading syms from /lib/i386-linux-gnu/ld-2.19.so
--6829--   Considering /lib/i386-linux-gnu/ld-2.19.so ..
--6829--   .. CRC mismatch (computed 1b1c4cf5 wanted 02b590da)
--6829--   Considering /usr/lib/debug/lib/i386-linux-gnu/ld-2.19.so ..
--6829--   .. CRC is valid
--6829-- Reading syms from /home/cse312/Desktop/system/System-Programming/final/server/a.out
--6829-- Reading syms from /usr/lib/valgrind/memcheck-x86-linux
--6829--   Considering /usr/lib/valgrind/memcheck-x86-linux ..
--6829--   .. CRC mismatch (computed 9b80a843 wanted b9b8f553)
--6829--    object doesn't have a symbol table
--6829--    object doesn't have a dynamic symbol table
--6829-- Scheduler: using generic scheduler lock implementation.
--6829-- Reading suppressions file: /usr/lib/valgrind/default.supp
==6829== embedded gdbserver: reading from /tmp/vgdb-pipe-from-vgdb-to-6829-by-cse312-on-???
==6829== embedded gdbserver: writing to   /tmp/vgdb-pipe-to-vgdb-from-6829-by-cse312-on-???
==6829== embedded gdbserver: shared mem   /tmp/vgdb-pipe-shared-mem-vgdb-6829-by-cse312-on-???
==6829== 
==6829== TO CONTROL THIS PROCESS USING vgdb (which you probably
==6829== don't want to do, unless you know exactly what you're doing,
==6829== or are doing some strange experiment):
==6829==   /usr/lib/valgrind/../../bin/vgdb --pid=6829 ...command...
==6829== 
==6829== TO DEBUG THIS PROCESS USING GDB: start GDB like this
==6829==   /path/to/gdb ./a.out
==6829== and then give GDB the following command
==6829==   target remote | /usr/lib/valgrind/../../bin/vgdb --pid=6829
==6829== --pid is optional if only one valgrind process is running
==6829== 
--6829-- REDIR: 0x4017e90 (ld-linux.so.2:strlen) redirected to 0x380755e2 (???)
--6829-- REDIR: 0x4017ca0 (ld-linux.so.2:index) redirected to 0x380755bd (???)
--6829-- Reading syms from /usr/lib/valgrind/vgpreload_core-x86-linux.so
--6829--   Considering /usr/lib/valgrind/vgpreload_core-x86-linux.so ..
--6829--   .. CRC mismatch (computed db3a9a41 wanted f4b91af9)
--6829--    object doesn't have a symbol table
--6829-- Reading syms from /usr/lib/valgrind/vgpreload_memcheck-x86-linux.so
--6829--   Considering /usr/lib/valgrind/vgpreload_memcheck-x86-linux.so ..
--6829--   .. CRC mismatch (computed fa818b99 wanted 420ff42b)
--6829--    object doesn't have a symbol table
==6829== WARNING: new redirection conflicts with existing -- ignoring it
--6829--     old: 0x04017e90 (strlen              ) R-> (0000.0) 0x380755e2 ???
--6829--     new: 0x04017e90 (strlen              ) R-> (2007.0) 0x0402d480 strlen
--6829-- Reading syms from /lib/i386-linux-gnu/libc-2.19.so
--6829--   Considering /lib/i386-linux-gnu/libc-2.19.so ..
--6829--   .. CRC mismatch (computed 1039bceb wanted 920e1817)
--6829--   Considering /usr/lib/debug/lib/i386-linux-gnu/libc-2.19.so ..
--6829--   .. CRC is valid
--6829-- REDIR: 0x40c5f40 (libc.so.6:strnlen) redirected to 0x4024580 (_vgnU_ifunc_wrapper)
--6829-- REDIR: 0x40c7ef0 (libc.so.6:strncasecmp) redirected to 0x4024580 (_vgnU_ifunc_wrapper)
--6829-- REDIR: 0x40cd870 (libc.so.6:memrchr) redirected to 0x4024580 (_vgnU_ifunc_wrapper)
--6829-- REDIR: 0x40e08b0 (libc.so.6:wcslen) redirected to 0x4024580 (_vgnU_ifunc_wrapper)
--6829-- REDIR: 0x40c60f0 (libc.so.6:__GI_strrchr) redirected to 0x402ce50 (__GI_strrchr)
--6829-- REDIR: 0x40c1830 (libc.so.6:malloc) redirected to 0x402a110 (malloc)
--6829-- REDIR: 0x40c6cc0 (libc.so.6:strstr) redirected to 0x4031460 (strstr)
--6829-- REDIR: 0x40c7430 (libc.so.6:__GI_memchr) redirected to 0x402e7d0 (__GI_memchr)
--6829-- REDIR: 0x40c1e90 (libc.so.6:realloc) redirected to 0x402c2b0 (realloc)
--6829-- REDIR: 0x40c80b0 (libc.so.6:__GI_memcpy) redirected to 0x402f090 (__GI_memcpy)
--6829-- REDIR: 0x40c5e80 (libc.so.6:__GI_strlen) redirected to 0x402d400 (__GI_strlen)
--6829-- REDIR: 0x40c5e30 (libc.so.6:strlen) redirected to 0x4024580 (_vgnU_ifunc_wrapper)
--6829-- REDIR: 0x40cdfd0 (libc.so.6:__strlen_sse2_bsf) redirected to 0x402d3e0 (strlen)
--6829-- REDIR: 0x40c57b0 (libc.so.6:strcpy) redirected to 0x4024580 (_vgnU_ifunc_wrapper)
--6829-- REDIR: 0x40ce190 (libc.so.6:__strcpy_ssse3) redirected to 0x402d4c0 (strcpy)
--6829-- REDIR: 0x40c5f80 (libc.so.6:strncat) redirected to 0x4024580 (_vgnU_ifunc_wrapper)
--6829-- REDIR: 0x40dba50 (libc.so.6:__strncat_ssse3) redirected to 0x402d260 (strncat)
--6829-- REDIR: 0x40c1de0 (libc.so.6:free) redirected to 0x402b370 (free)
==6829== 
==6829== HEAP SUMMARY:
==6829==     in use at exit: 0 bytes in 0 blocks
==6829==   total heap usage: 8,805 allocs, 8,805 frees, 2,079,146 bytes allocated
==6829== 
==6829== All heap blocks were freed -- no leaks are possible
==6829== 
==6829== ERROR SUMMARY: 0 errors from 0 contexts (suppressed: 0 from 0)
==6829== ERROR SUMMARY: 0 errors from 0 contexts (suppressed: 0 from 0)
